<?xml version="1.0" encoding="UTF-8"?>
<!-- Generated by org.testng.reporters.JUnitReportReporter -->
<testsuite hostname="DESKTOP-98E3OTK" failures="1" tests="17" name="testngpractice.Selenium" time="25.774" errors="1" timestamp="30 May 2019 20:18:06 GMT" skipped="10">
  <testcase classname="testngpractice.Selenium" name="intialization" time="3.485">
    <error message="Unable to parse remote response: Misconfigured -- Unsupported OS/browser/version/device combo: OS: &#039;Windows 10&#039;, Browser: &#039;firefox&#039;, Version: &#039;74.&#039;, Device: &#039;unspecified&#039;
Build info: version: &#039;3.5.3&#039;, revision: &#039;a88d25fe6b&#039;, time: &#039;2017-08-29T12:42:44.417Z&#039;
System info: host: &#039;DESKTOP-98E3OTK&#039;, ip: &#039;192.168.0.129&#039;, os.name: &#039;Windows 10&#039;, os.arch: &#039;amd64&#039;, os.version: &#039;10.0&#039;, java.version: &#039;11.0.1&#039;
Driver info: driver.version: RemoteWebDriver" type="org.openqa.selenium.WebDriverException">
      <![CDATA[org.openqa.selenium.WebDriverException: Unable to parse remote response: Misconfigured -- Unsupported OS/browser/version/device combo: OS: 'Windows 10', Browser: 'firefox', Version: '74.', Device: 'unspecified'
Build info: version: '3.5.3', revision: 'a88d25fe6b', time: '2017-08-29T12:42:44.417Z'
System info: host: 'DESKTOP-98E3OTK', ip: '192.168.0.129', os.name: 'Windows 10', os.arch: 'amd64', os.version: '10.0', java.version: '11.0.1'
Driver info: driver.version: RemoteWebDriver
at org.openqa.selenium.remote.ProtocolHandshake.createSession(ProtocolHandshake.java:347)
at org.openqa.selenium.remote.ProtocolHandshake.createSession(ProtocolHandshake.java:136)
at org.openqa.selenium.remote.HttpCommandExecutor.execute(HttpCommandExecutor.java:142)
at org.openqa.selenium.remote.RemoteWebDriver.execute(RemoteWebDriver.java:646)
at org.openqa.selenium.remote.RemoteWebDriver.startSession(RemoteWebDriver.java:255)
at org.openqa.selenium.remote.RemoteWebDriver.startSession(RemoteWebDriver.java:237)
at org.openqa.selenium.remote.RemoteWebDriver.<init>(RemoteWebDriver.java:138)
at org.openqa.selenium.remote.RemoteWebDriver.<init>(RemoteWebDriver.java:175)
at testBase.Base.launchBrowser(Base.java:64)
at testngpractice.Selenium.intialization(Selenium.java:25)
at java.base/jdk.internal.reflect.NativeMethodAccessorImpl.invoke0(Native Method)
at java.base/jdk.internal.reflect.NativeMethodAccessorImpl.invoke(NativeMethodAccessorImpl.java:62)
at java.base/jdk.internal.reflect.DelegatingMethodAccessorImpl.invoke(DelegatingMethodAccessorImpl.java:43)
at java.base/java.lang.reflect.Method.invoke(Method.java:566)
at org.testng.internal.MethodInvocationHelper.invokeMethod(MethodInvocationHelper.java:124)
at org.testng.internal.MethodInvocationHelper.invokeMethodConsideringTimeout(MethodInvocationHelper.java:59)
at org.testng.internal.Invoker.invokeConfigurationMethod(Invoker.java:458)
at org.testng.internal.Invoker.invokeConfigurations(Invoker.java:222)
at org.testng.internal.Invoker.invokeConfigurations(Invoker.java:142)
at org.testng.TestRunner.beforeRun(TestRunner.java:529)
at org.testng.TestRunner.run(TestRunner.java:497)
at org.testng.SuiteRunner.runTest(SuiteRunner.java:455)
at org.testng.SuiteRunner.access$000(SuiteRunner.java:40)
at org.testng.SuiteRunner$SuiteWorker.run(SuiteRunner.java:489)
at org.testng.internal.thread.ThreadUtil$1.call(ThreadUtil.java:52)
at java.base/java.util.concurrent.FutureTask.run(FutureTask.java:264)
at java.base/java.util.concurrent.ThreadPoolExecutor.runWorker(ThreadPoolExecutor.java:1128)
at java.base/java.util.concurrent.ThreadPoolExecutor$Worker.run(ThreadPoolExecutor.java:628)
at java.base/java.lang.Thread.run(Thread.java:834)
]]>
    </error>
  </testcase> <!-- intialization -->
  <testcase classname="testngpractice.Selenium" name="getTitle" time="0.289"/>
  <testcase classname="testngpractice.Selenium" name="getTitle" time="0.000">
    <skipped/>
  </testcase> <!-- getTitle -->
  <testcase classname="testngpractice.Selenium" name="clickonDemoSite" time="0.000">
    <skipped/>
  </testcase> <!-- clickonDemoSite -->
  <testcase classname="testngpractice.Selenium" name="clickonDemoSite" time="4.383"/>
  <testcase classname="testngpractice.Selenium" name="titleofDemoWebsite" time="1.300">
    <skipped/>
  </testcase> <!-- titleofDemoWebsite -->
  <testcase classname="testngpractice.Selenium" name="titleofDemoWebsite" time="0.322">
    <failure message="expected [Selenium Easy - Best Demo website to practice Selenium Webdriver Online] but found [Selenium Easy - Best Demo website to practice Selenium Webdriver Onli]" type="java.lang.AssertionError">
      <![CDATA[java.lang.AssertionError: expected [Selenium Easy - Best Demo website to practice Selenium Webdriver Online] but found [Selenium Easy - Best Demo website to practice Selenium Webdriver Onli]
at org.testng.Assert.fail(Assert.java:96)
at org.testng.Assert.failNotEquals(Assert.java:776)
at org.testng.Assert.assertEqualsImpl(Assert.java:137)
at org.testng.Assert.assertEquals(Assert.java:118)
at org.testng.Assert.assertEquals(Assert.java:453)
at org.testng.Assert.assertEquals(Assert.java:463)
at testngpractice.Selenium.titleofDemoWebsite(Selenium.java:45)
at java.base/jdk.internal.reflect.NativeMethodAccessorImpl.invoke0(Native Method)
at java.base/jdk.internal.reflect.NativeMethodAccessorImpl.invoke(NativeMethodAccessorImpl.java:62)
at java.base/jdk.internal.reflect.DelegatingMethodAccessorImpl.invoke(DelegatingMethodAccessorImpl.java:43)
at java.base/java.lang.reflect.Method.invoke(Method.java:566)
at org.testng.internal.MethodInvocationHelper.invokeMethod(MethodInvocationHelper.java:124)
at org.testng.internal.Invoker.invokeMethod(Invoker.java:583)
at org.testng.internal.Invoker.retryFailed(Invoker.java:839)
at org.testng.internal.Invoker.invokeTestMethods(Invoker.java:1010)
at org.testng.internal.TestMethodWorker.invokeTestMethods(TestMethodWorker.java:125)
at org.testng.internal.TestMethodWorker.run(TestMethodWorker.java:109)
at org.testng.TestRunner.privateRun(TestRunner.java:648)
at org.testng.TestRunner.run(TestRunner.java:505)
at org.testng.SuiteRunner.runTest(SuiteRunner.java:455)
at org.testng.SuiteRunner.access$000(SuiteRunner.java:40)
at org.testng.SuiteRunner$SuiteWorker.run(SuiteRunner.java:489)
at org.testng.internal.thread.ThreadUtil$1.call(ThreadUtil.java:52)
at java.base/java.util.concurrent.FutureTask.run(FutureTask.java:264)
at java.base/java.util.concurrent.ThreadPoolExecutor.runWorker(ThreadPoolExecutor.java:1128)
at java.base/java.util.concurrent.ThreadPoolExecutor$Worker.run(ThreadPoolExecutor.java:628)
at java.base/java.lang.Thread.run(Thread.java:834)
]]>
    </failure>
  </testcase> <!-- titleofDemoWebsite -->
  <testcase classname="testngpractice.Selenium" name="titleofDemoWebsite" time="0.300">
    <skipped/>
  </testcase> <!-- titleofDemoWebsite -->
  <testcase classname="testngpractice.Selenium" name="titleofDemoWebsite" time="0.354">
    <skipped/>
  </testcase> <!-- titleofDemoWebsite -->
  <testcase classname="testngpractice.Selenium" name="titleofDemoWebsite" time="0.308">
    <skipped/>
  </testcase> <!-- titleofDemoWebsite -->
  <testcase classname="testngpractice.Selenium" name="titleofDemoWebsite" time="0.000">
    <skipped/>
  </testcase> <!-- titleofDemoWebsite -->
  <testcase classname="testngpractice.Selenium" name="click_on_input_forms" time="0.956"/>
  <testcase classname="testngpractice.Selenium" name="click_on_input_forms" time="0.000">
    <skipped/>
  </testcase> <!-- click_on_input_forms -->
  <testcase classname="testngpractice.Selenium" name="click_on_input_form_submit" time="0.000">
    <skipped/>
  </testcase> <!-- click_on_input_form_submit -->
  <testcase classname="testngpractice.Selenium" name="click_on_input_form_submit" time="1.596"/>
  <testcase classname="testngpractice.Selenium" name="user_enters_details_and_click_on_send" time="0.000">
    <skipped/>
  </testcase> <!-- user_enters_details_and_click_on_send -->
  <testcase classname="testngpractice.Selenium" name="user_enters_details_and_click_on_send" time="12.481"/>
</testsuite> <!-- testngpractice.Selenium -->
